[    0.000000] Linux version 4.15.0-194-generic (buildd@lcy02-amd64-052) (gcc version 7.5.0 (Ubuntu 7.5.0-3ubuntu1~18.04)) #205-Ubuntu SMP Fri Sep 16 19:49:27 UTC 2022 (Ubuntu 4.15.0-194.205-generic 4.15.18)
[    0.000000] Command line: BOOT_IMAGE=/boot/vmlinuz-4.15.0-194-generic root=UUID=ceef48b4-cdab-4e8e-9da5-50b9e7caf9df ro console=tty1 console=ttyS0
[    0.000000] KERNEL supported cpus:
[    0.000000]   Intel GenuineIntel
[    0.000000]   AMD AuthenticAMD
[    0.000000]   Centaur CentaurHauls
[    0.000000] x86/fpu: x87 FPU will use FXSAVE
[    0.000000] e820: BIOS-provided physical RAM map:
[    0.000000] BIOS-e820: [mem 0x0000000000000000-0x000000000009fbff] usable
[    0.000000] BIOS-e820: [mem 0x000000000009fc00-0x000000000009ffff] reserved
[    0.000000] BIOS-e820: [mem 0x00000000000f0000-0x00000000000fffff] reserved
[    0.000000] BIOS-e820: [mem 0x0000000000100000-0x000000003ffeffff] usable
[    0.000000] BIOS-e820: [mem 0x000000003fff0000-0x000000003fffffff] ACPI data
[    0.000000] BIOS-e820: [mem 0x00000000fec00000-0x00000000fec00fff] reserved
[    0.000000] BIOS-e820: [mem 0x00000000fee00000-0x00000000fee00fff] reserved
[    0.000000] BIOS-e820: [mem 0x00000000fffc0000-0x00000000ffffffff] reserved
[    0.000000] NX (Execute Disable) protection: active
[    0.000000] SMBIOS 2.5 present.
[    0.000000] DMI: innotek GmbH VirtualBox/VirtualBox, BIOS VirtualBox 12/01/2006
[    0.000000] Hypervisor detected: KVM
[    0.000000] e820: last_pfn = 0x3fff0 max_arch_pfn = 0x400000000
[    0.000000] MTRR: Disabled
[    0.000000] x86/PAT: MTRRs disabled, skipping PAT initialization too.
[    0.000000] CPU MTRRs all blank - virtualized system.
[    0.000000] x86/PAT: Configuration [0-7]: WB  WT  UC- UC  WB  WT  UC- UC  
[    0.000000] found SMP MP-table at [mem 0x0009fff0-0x0009ffff]
[    0.000000] Scanning 1 areas for low memory corruption
[    0.000000] RAMDISK: [mem 0x3581b000-0x36c04fff]
[    0.000000] ACPI: Early table checksum verification disabled
[    0.000000] ACPI: RSDP 0x00000000000E0000 000024 (v02 VBOX  )
[    0.000000] ACPI: XSDT 0x000000003FFF0030 00003C (v01 VBOX   VBOXXSDT 00000001 ASL  00000061)
[    0.000000] ACPI: FACP 0x000000003FFF00F0 0000F4 (v04 VBOX   VBOXFACP 00000001 ASL  00000061)
[    0.000000] ACPI: DSDT 0x000000003FFF0470 002325 (v02 VBOX   VBOXBIOS 00000002 INTL 20100528)
[    0.000000] ACPI: FACS 0x000000003FFF0200 000040
[    0.000000] ACPI: FACS 0x000000003FFF0200 000040
[    0.000000] ACPI: APIC 0x000000003FFF0240 00005C (v02 VBOX   VBOXAPIC 00000001 ASL  00000061)
[    0.000000] ACPI: SSDT 0x000000003FFF02A0 0001CC (v01 VBOX   VBOXCPUT 00000002 INTL 20100528)
[    0.000000] ACPI: Reserving FACP table memory at [mem 0x3fff00f0-0x3fff01e3]
[    0.000000] ACPI: Reserving DSDT table memory at [mem 0x3fff0470-0x3fff2794]
[    0.000000] ACPI: Reserving FACS table memory at [mem 0x3fff0200-0x3fff023f]
[    0.000000] ACPI: Reserving FACS table memory at [mem 0x3fff0200-0x3fff023f]
[    0.000000] ACPI: Reserving APIC table memory at [mem 0x3fff0240-0x3fff029b]
[    0.000000] ACPI: Reserving SSDT table memory at [mem 0x3fff02a0-0x3fff046b]
[    0.000000] No NUMA configuration found
[    0.000000] Faking a node at [mem 0x0000000000000000-0x000000003ffeffff]
[    0.000000] NODE_DATA(0) allocated [mem 0x3ffc5000-0x3ffeffff]
[    0.000000] kvm-clock: cpu 0, msr 0:3ff44001, primary cpu clock
[    0.000000] kvm-clock: Using msrs 4b564d01 and 4b564d00
[    0.000000] kvm-clock: using sched offset of 6239335399 cycles
[    0.000000] clocksource: kvm-clock: mask: 0xffffffffffffffff max_cycles: 0x1cd42e4dffb, max_idle_ns: 881590591483 ns
[    0.000000] Zone ranges:
[    0.000000]   DMA      [mem 0x0000000000001000-0x0000000000ffffff]
[    0.000000]   DMA32    [mem 0x0000000001000000-0x000000003ffeffff]
[    0.000000]   Normal   empty
[    0.000000]   Device   empty
[    0.000000] Movable zone start for each node
[    0.000000] Early memory node ranges
[    0.000000]   node   0: [mem 0x0000000000001000-0x000000000009efff]
[    0.000000]   node   0: [mem 0x0000000000100000-0x000000003ffeffff]
[    0.000000] Reserved but unavailable: 104 pages
[    0.000000] Initmem setup node 0 [mem 0x0000000000001000-0x000000003ffeffff]
[    0.000000] ACPI: PM-Timer IO Port: 0x4008
[    0.000000] IOAPIC[0]: apic_id 2, version 32, address 0xfec00000, GSI 0-23
[    0.000000] ACPI: INT_SRC_OVR (bus 0 bus_irq 0 global_irq 2 dfl dfl)
[    0.000000] ACPI: INT_SRC_OVR (bus 0 bus_irq 9 global_irq 9 low level)
[    0.000000] Using ACPI (MADT) for SMP configuration information
[    0.000000] smpboot: Allowing 2 CPUs, 0 hotplug CPUs
[    0.000000] PM: Registered nosave memory: [mem 0x00000000-0x00000fff]
[    0.000000] PM: Registered nosave memory: [mem 0x0009f000-0x0009ffff]
[    0.000000] PM: Registered nosave memory: [mem 0x000a0000-0x000effff]
[    0.000000] PM: Registered nosave memory: [mem 0x000f0000-0x000fffff]
[    0.000000] e820: [mem 0x40000000-0xfebfffff] available for PCI devices
[    0.000000] Booting paravirtualized kernel on KVM
[    0.000000] clocksource: refined-jiffies: mask: 0xffffffff max_cycles: 0xffffffff, max_idle_ns: 7645519600211568 ns
[    0.000000] setup_percpu: NR_CPUS:8192 nr_cpumask_bits:2 nr_cpu_ids:2 nr_node_ids:1
[    0.000000] percpu: Embedded 50 pages/cpu s167936 r8192 d28672 u1048576
[    0.000000] PV qspinlock hash table entries: 256 (order: 0, 4096 bytes)
[    0.000000] Built 1 zonelists, mobility grouping on.  Total pages: 257913
[    0.000000] Policy zone: DMA32
[    0.000000] Kernel command line: BOOT_IMAGE=/boot/vmlinuz-4.15.0-194-generic root=UUID=ceef48b4-cdab-4e8e-9da5-50b9e7caf9df ro console=tty1 console=ttyS0
[    0.000000] Memory: 981788K/1048120K available (12300K kernel code, 2477K rwdata, 4320K rodata, 2472K init, 2720K bss, 66332K reserved, 0K cma-reserved)
[    0.000000] SLUB: HWalign=64, Order=0-3, MinObjects=0, CPUs=2, Nodes=1
[    0.000000] ftrace: allocating 39477 entries in 155 pages
[    0.004000] Hierarchical RCU implementation.
[    0.004000] 	RCU restricting CPUs from NR_CPUS=8192 to nr_cpu_ids=2.
[    0.004000] 	Tasks RCU enabled.
[    0.004000] RCU: Adjusting geometry for rcu_fanout_leaf=16, nr_cpu_ids=2
[    0.004000] NR_IRQS: 524544, nr_irqs: 440, preallocated irqs: 16
[    0.004000] Console: colour VGA+ 80x25
[    0.004000] console [tty1] enabled
[    0.004000] console [ttyS0] enabled
[    0.004000] ACPI: Core revision 20170831
[    0.004000] ACPI: 2 ACPI AML tables successfully acquired and loaded
[    0.004000] APIC: Switch to symmetric I/O mode setup
[    0.008000] ..TIMER: vector=0x30 apic1=0 pin1=2 apic2=-1 pin2=-1
[    0.008014] tsc: Detected 2803.210 MHz processor
[    0.012034] Calibrating delay loop (skipped) preset value.. 5606.42 BogoMIPS (lpj=11212840)
[    0.016017] pid_max: default: 32768 minimum: 301
[    0.020266] Security Framework initialized
[    0.024014] Yama: becoming mindful.
[    0.028260] AppArmor: AppArmor initialized
[    0.045725] Dentry cache hash table entries: 131072 (order: 8, 1048576 bytes)
[    0.052421] Inode-cache hash table entries: 65536 (order: 7, 524288 bytes)
[    0.056214] Mount-cache hash table entries: 2048 (order: 2, 16384 bytes)
[    0.060223] Mountpoint-cache hash table entries: 2048 (order: 2, 16384 bytes)
[    0.071018] Last level iTLB entries: 4KB 0, 2MB 0, 4MB 0
[    0.072015] Last level dTLB entries: 4KB 0, 2MB 0, 4MB 0, 1GB 0
[    0.076016] Spectre V1 : Mitigation: usercopy/swapgs barriers and __user pointer sanitization
[    0.080017] Spectre V2 : Mitigation: Enhanced IBRS
[    0.084008] Spectre V2 : Spectre v2 / SpectreRSB mitigation: Filling RSB on context switch
[    0.088011] Speculative Store Bypass: Vulnerable
[    0.096027] Freeing SMP alternatives memory: 36K
[    0.219447] smpboot: CPU0: 11th Gen Intel(R) Core(TM) i7-1165G7 @ 2.80GHz (family: 0x6, model: 0x8c, stepping: 0x1)
[    0.220955] Performance Events: unsupported p6 CPU model 140 no PMU driver, software events only.
[    0.224399] Hierarchical SRCU implementation.
[    0.232511] NMI watchdog: Perf event create on CPU 0 failed with -2
[    0.236006] NMI watchdog: Perf NMI watchdog permanently disabled
[    0.240283] smp: Bringing up secondary CPUs ...
[    0.248216] x86: Booting SMP configuration:
[    0.252006] .... node  #0, CPUs:      #1
[    0.004000] kvm-clock: cpu 1, msr 0:3ff44041, secondary cpu clock
[    0.270854] TSC synchronization [CPU#0 -> CPU#1]:
[    0.272000] Measured 154518 cycles TSC warp between CPUs, turning off TSC clock.
[    0.272000] tsc: Marking TSC unstable due to check_tsc_sync_source failed
[    0.276715] smp: Brought up 1 node, 2 CPUs
[    0.280017] smpboot: Max logical packages: 1
[    0.284005] smpboot: Total of 2 processors activated (11212.84 BogoMIPS)
[    0.293295] devtmpfs: initialized
[    0.296189] x86/mm: Memory block size: 128MB
[    0.300666] evm: security.selinux
[    0.304014] evm: security.SMACK64
[    0.308004] evm: security.SMACK64EXEC
[    0.312003] evm: security.SMACK64TRANSMUTE
[    0.316010] evm: security.SMACK64MMAP
[    0.320042] evm: security.apparmor
[    0.324003] evm: security.ima
[    0.328009] evm: security.capability
[    0.336136] clocksource: jiffies: mask: 0xffffffff max_cycles: 0xffffffff, max_idle_ns: 7645041785100000 ns
[    0.340016] futex hash table entries: 512 (order: 3, 32768 bytes)
[    0.344311] pinctrl core: initialized pinctrl subsystem
[    0.348544] RTC time: 18:04:29, date: 11/03/22
[    0.357701] NET: Registered protocol family 16
[    0.360154] audit: initializing netlink subsys (disabled)
[    0.364532] audit: type=2000 audit(1667498675.588:1): state=initialized audit_enabled=0 res=1
[    0.388013] cpuidle: using governor ladder
[    0.392016] cpuidle: using governor menu
[    0.396134] ACPI: bus type PCI registered
[    0.400015] acpiphp: ACPI Hot Plug PCI Controller Driver version: 0.5
[    0.408468] PCI: Using configuration type 1 for base access
[    0.428749] HugeTLB registered 2.00 MiB page size, pre-allocated 0 pages
[    0.444076] ACPI: Added _OSI(Module Device)
[    0.448027] ACPI: Added _OSI(Processor Device)
[    0.452012] ACPI: Added _OSI(3.0 _SCP Extensions)
[    0.456011] ACPI: Added _OSI(Processor Aggregator Device)
[    0.460015] ACPI: Added _OSI(Linux-Dell-Video)
[    0.464013] ACPI: Added _OSI(Linux-Lenovo-NV-HDMI-Audio)
[    0.468014] ACPI: Added _OSI(Linux-HPI-Hybrid-Graphics)
[    0.474352] ACPI: Executed 1 blocks of module-level executable AML code
[    0.488392] ACPI: Interpreter enabled
[    0.492021] ACPI: (supports S0 S5)
[    0.496004] ACPI: Using IOAPIC for interrupt routing
[    0.500720] PCI: Using host bridge windows from ACPI; if necessary, use "pci=nocrs" and report a bug
[    0.504469] ACPI: Enabled 2 GPEs in block 00 to 07
[    0.532643] ACPI: PCI Root Bridge [PCI0] (domain 0000 [bus 00-ff])
[    0.536040] acpi PNP0A03:00: _OSC: OS supports [ASPM ClockPM Segments MSI]
[    0.545596] acpi PNP0A03:00: _OSC: not requesting OS control; OS requires [ExtendedConfig ASPM ClockPM MSI]
[    0.548062] acpi PNP0A03:00: fail to add MMCONFIG information, can't access extended PCI configuration space under this bridge.
[    0.554311] PCI host bridge to bus 0000:00
[    0.556020] pci_bus 0000:00: root bus resource [io  0x0000-0x0cf7 window]
[    0.560020] pci_bus 0000:00: root bus resource [io  0x0d00-0xffff window]
[    0.564016] pci_bus 0000:00: root bus resource [mem 0x000a0000-0x000bffff window]
[    0.568020] pci_bus 0000:00: root bus resource [mem 0x40000000-0xfdffffff window]
[    0.572017] pci_bus 0000:00: root bus resource [bus 00-ff]
[    0.597967] pci 0000:00:01.1: legacy IDE quirk: reg 0x10: [io  0x01f0-0x01f7]
[    0.600018] pci 0000:00:01.1: legacy IDE quirk: reg 0x14: [io  0x03f6]
[    0.604012] pci 0000:00:01.1: legacy IDE quirk: reg 0x18: [io  0x0170-0x0177]
[    0.608015] pci 0000:00:01.1: legacy IDE quirk: reg 0x1c: [io  0x0376]
[    0.671914] pci 0000:00:07.0: quirk: [io  0x4000-0x403f] claimed by PIIX4 ACPI
[    0.672174] pci 0000:00:07.0: quirk: [io  0x4100-0x410f] claimed by PIIX4 SMB
[    0.706793] ACPI: PCI Interrupt Link [LNKA] (IRQs 5 9 10 *11)
[    0.712611] ACPI: PCI Interrupt Link [LNKB] (IRQs 5 9 *10 11)
[    0.716573] ACPI: PCI Interrupt Link [LNKC] (IRQs 5 *9 10 11)
[    0.720670] ACPI: PCI Interrupt Link [LNKD] (IRQs 5 9 10 *11)
[    0.726236] SCSI subsystem initialized
[    0.732375] pci 0000:00:02.0: vgaarb: setting as boot VGA device
[    0.736000] pci 0000:00:02.0: vgaarb: VGA device added: decodes=io+mem,owns=io+mem,locks=none
[    0.736019] pci 0000:00:02.0: vgaarb: bridge control possible
[    0.740013] vgaarb: loaded
[    0.748054] ACPI: bus type USB registered
[    0.752207] usbcore: registered new interface driver usbfs
[    0.756048] usbcore: registered new interface driver hub
[    0.760043] usbcore: registered new device driver usb
[    0.765044] EDAC MC: Ver: 3.0.0
[    0.776735] PCI: Using ACPI for IRQ routing
[    0.784495] NetLabel: Initializing
[    0.788012] NetLabel:  domain hash size = 128
[    0.792009] NetLabel:  protocols = UNLABELED CIPSOv4 CALIPSO
[    0.796039] NetLabel:  unlabeled traffic allowed by default
[    0.800368] clocksource: Switched to clocksource kvm-clock
[    0.834853] VFS: Disk quotas dquot_6.6.0
[    0.834853] VFS: Dquot-cache hash table entries: 512 (order 0, 4096 bytes)
[    0.834853] AppArmor: AppArmor Filesystem Enabled
[    0.834853] pnp: PnP ACPI init
[    0.834853] pnp: PnP ACPI: found 3 devices
[    1.058809] clocksource: acpi_pm: mask: 0xffffff max_cycles: 0xffffff, max_idle_ns: 2085701024 ns
[    1.060787] NET: Registered protocol family 2
[    1.060787] IP idents hash table entries: 16384 (order: 5, 131072 bytes)
[    1.116566] TCP established hash table entries: 8192 (order: 4, 65536 bytes)
[    1.136226] TCP bind hash table entries: 8192 (order: 5, 131072 bytes)
[    1.153405] TCP: Hash tables configured (established 8192 bind 8192)
[    1.156188] UDP hash table entries: 512 (order: 2, 16384 bytes)
[    1.156188] UDP-Lite hash table entries: 512 (order: 2, 16384 bytes)
[    1.195243] NET: Registered protocol family 1
[    1.200804] pci 0000:00:00.0: Limiting direct PCI/PCI transfers
[    1.208497] pci 0000:00:01.0: Activating ISA DMA hang workarounds
[    1.212390] pci 0000:00:02.0: Video device with shadowed ROM at [mem 0x000c0000-0x000dffff]
[    1.212390] Unpacking initramfs...
[    2.665286] Freeing initrd memory: 20392K
[    2.678549] clocksource: tsc: mask: 0xffffffffffffffff max_cycles: 0x2868193390f, max_idle_ns: 440795218527 ns
[    2.702201] platform rtc_cmos: registered platform RTC device (no PNP device found)
[    2.720543] Scanning for low memory corruption every 60 seconds
[    2.742278] Initialise system trusted keyrings
[    2.754311] Key type blacklist registered
[    2.766906] workingset: timestamp_bits=36 max_order=18 bucket_order=0
[    2.791427] zbud: loaded
[    2.802052] squashfs: version 4.0 (2009/01/31) Phillip Lougher
[    2.820569] fuse init (API version 7.26)
[    2.924327] Key type asymmetric registered
[    2.935813] Asymmetric key parser 'x509' registered
[    2.948684] Block layer SCSI generic (bsg) driver version 0.4 loaded (major 246)
[    2.969744] io scheduler noop registered
[    2.980897] io scheduler deadline registered
[    2.992674] io scheduler cfq registered (default)
[    3.007216] ACPI: AC Adapter [AC] (off-line)
[    3.018636] input: Power Button as /devices/LNXSYSTM:00/LNXPWRBN:00/input/input0
[    3.041507] ACPI: Power Button [PWRF]
[    3.053006] input: Sleep Button as /devices/LNXSYSTM:00/LNXSLPBN:00/input/input1
[    3.072370] ACPI: Sleep Button [SLPF]
[    3.088453] Serial: 8250/16550 driver, 32 ports, IRQ sharing enabled
[    3.090138] ACPI: Battery Slot [BAT0] (battery present)
[    3.174942] 00:02: ttyS0 at I/O 0x3f8 (irq = 4, base_baud = 115200) is a 16550A
[    3.201669] Linux agpgart interface v0.103
[    3.220263] loop: module loaded
[    3.238161] scsi host0: ata_piix
[    3.249355] scsi host1: ata_piix
[    3.258732] ata1: PATA max UDMA/33 cmd 0x1f0 ctl 0x3f6 bmdma 0xd000 irq 14
[    3.276953] ata2: PATA max UDMA/33 cmd 0x170 ctl 0x376 bmdma 0xd008 irq 15
[    3.297125] tun: Universal TUN/TAP device driver, 1.6
[    3.308760] PPP generic driver version 2.4.2
[    3.322038] ehci_hcd: USB 2.0 'Enhanced' Host Controller (EHCI) Driver
[    3.339113] ehci-pci: EHCI PCI platform driver
[    3.351570] ehci-platform: EHCI generic platform driver
[    3.365638] ohci_hcd: USB 1.1 'Open' Host Controller (OHCI) Driver
[    3.382597] ohci-pci: OHCI PCI platform driver
[    3.394143] ohci-platform: OHCI generic platform driver
[    3.409169] uhci_hcd: USB Universal Host Controller Interface driver
[    3.425615] i8042: PNP: PS/2 Controller [PNP0303:PS2K,PNP0f03:PS2M] at 0x60,0x64 irq 1,12
[    3.452395] serio: i8042 KBD port at 0x60,0x64 irq 1
[    3.465301] serio: i8042 AUX port at 0x60,0x64 irq 12
[    3.482502] mousedev: PS/2 mouse device common for all mice
[    3.505863] input: AT Translated Set 2 keyboard as /devices/platform/i8042/serio0/input/input2
[    3.581803] rtc_cmos rtc_cmos: rtc core: registered rtc_cmos as rtc0
[    3.599634] rtc_cmos rtc_cmos: alarms up to one day, 114 bytes nvram
[    3.621653] i2c /dev entries driver
[    3.633179] device-mapper: uevent: version 1.0.3
[    3.645978] device-mapper: ioctl: 4.37.0-ioctl (2017-09-20) initialised: dm-devel@redhat.com
[    3.667627] ledtrig-cpu: registered to indicate activity on CPUs
[    3.691060] NET: Registered protocol family 10
[    3.730717] Segment Routing with IPv6
[    3.741050] NET: Registered protocol family 17
[    3.753642] Key type dns_resolver registered
[    3.767479] mce: Using 0 MCE banks
[    3.777047] RAS: Correctable Errors collector initialized.
[    3.791029] sched_clock: Marking stable (3790966468, 0)->(6349464435, -2558497967)
[    3.823874] registered taskstats version 1
[    3.830573] Loading compiled-in X.509 certificates
[    3.856766] Loaded X.509 cert 'Build time autogenerated kernel key: 6303a3b02fa1c7713b8a75ba7ba622fabd5dd271'
[    3.886012] Loaded X.509 cert 'Canonical Ltd. Live Patch Signing: 14df34d1a87cf37625abec039ef2bf521249b969'
[    3.913302] Loaded X.509 cert 'Canonical Ltd. Kernel Module Signing: 88f752e560a1e0737e31163a466ad7b70a850c19'
[    3.938136] blacklist: Loading compiled-in revocation X.509 certificates
[    3.955951] Loaded X.509 cert 'Canonical Ltd. Secure Boot Signing: 61482aa2830d0ab2ad5af10b7250da9033ddcef0'
[    3.978610] zswap: loaded using pool lzo/zbud
[    4.021793] Key type big_key registered
[    4.032809] Key type trusted registered
[    4.056436] Key type encrypted registered
[    4.068460] AppArmor: AppArmor sha1 policy hashing enabled
[    4.083038] ima: No TPM chip found, activating TPM-bypass! (rc=-19)
[    4.103430] ima: Allocated hash algorithm: sha1
[    4.119360] evm: HMAC attrs: 0x1
[    4.133520]   Magic number: 14:677:88
[    4.148499] rtc_cmos rtc_cmos: setting system clock to 2022-11-03 18:04:33 UTC (1667498673)
[    4.177374] BIOS EDD facility v0.16 2004-Jun-25, 0 devices found
[    4.194408] EDD information not available.
[    4.218158] Freeing unused kernel image memory: 2472K
[    4.249006] Write protecting the kernel read-only data: 20480k
[    4.270643] Freeing unused kernel image memory: 2008K
[    4.287144] Freeing unused kernel image memory: 1824K
[    4.316950] x86/mm: Checked W+X mappings: passed, no W+X pages found.
Loading, please wait...
starting version 237
[    4.618200] e1000: Intel(R) PRO/1000 Network Driver - version 7.3.21-k8-NAPI
[    4.639449] e1000: Copyright (c) 1999-2006 Intel Corporation.
[    4.673443] Fusion MPT base driver 3.04.20
[    4.679018] Copyright (c) 1999-2008 LSI Corporation
[    4.781105] Fusion MPT SPI Host driver 3.04.20
[    4.998476] input: ImExPS/2 Generic Explorer Mouse as /devices/platform/i8042/serio1/input/input4
[    6.037267] e1000 0000:00:03.0 eth0: (PCI:33MHz:32-bit) 02:dd:70:87:b9:65
[    6.054499] e1000 0000:00:03.0 eth0: Intel(R) PRO/1000 Network Connection
[    7.281047] e1000 0000:00:08.0 eth1: (PCI:33MHz:32-bit) 08:00:27:c5:e3:57
[    7.300524] e1000 0000:00:08.0 eth1: Intel(R) PRO/1000 Network Connection
[    7.330248] e1000 0000:00:08.0 enp0s8: renamed from eth1
[    7.348765] mptbase: ioc0: Initiating bringup
[    7.374951] e1000 0000:00:03.0 enp0s3: renamed from eth0
[    7.490469] ioc0: LSI53C1030 A0: Capabilities={Initiator}
[    7.793594] scsi host2: ioc0: LSI53C1030 A0, FwRev=00000000h, Ports=1, MaxQ=256, IRQ=20
[    7.992713] scsi 2:0:0:0: Direct-Access     VBOX     HARDDISK         1.0  PQ: 0 ANSI: 5
[    8.505137] scsi target2:0:0: Beginning Domain Validation
[    8.548016] scsi target2:0:0: Domain Validation skipping write tests
[    8.560659] scsi target2:0:0: Ending Domain Validation
[    8.575429] scsi target2:0:0: asynchronous
[    8.585310] scsi 2:0:1:0: Direct-Access     VBOX     HARDDISK         1.0  PQ: 0 ANSI: 5
[    8.737595] scsi target2:0:1: Beginning Domain Validation
[    8.774264] scsi target2:0:1: Domain Validation skipping write tests
[    8.791086] scsi target2:0:1: Ending Domain Validation
[    8.804397] scsi target2:0:1: asynchronous
[    8.850278] sd 2:0:0:0: [sda] 83886080 512-byte logical blocks: (42.9 GB/40.0 GiB)
[    8.868723] sd 2:0:0:0: Attached scsi generic sg0 type 0
[    8.881728] sd 2:0:0:0: [sda] Write Protect is off
[    8.899079] sd 2:0:1:0: [sdb] 20480 512-byte logical blocks: (10.5 MB/10.0 MiB)
[    8.917985] sd 2:0:1:0: Attached scsi generic sg1 type 0
[    8.932059] sd 2:0:1:0: [sdb] Write Protect is off
[    8.945181] sd 2:0:0:0: [sda] Incomplete mode parameter data
[    8.953448] sd 2:0:0:0: [sda] Assuming drive cache: write through
[    8.965623] sd 2:0:1:0: [sdb] Incomplete mode parameter data
[    8.972739] sd 2:0:1:0: [sdb] Assuming drive cache: write through
[    9.000446]  sda: sda1
[    9.008091] sd 2:0:1:0: [sdb] Attached SCSI disk
[    9.023824] sd 2:0:0:0: [sda] Attached SCSI disk
Begin: Loading essential drivers ... [  419.896286] INFO: rcu_sched self-detected stall on CPU
[  419.896233] INFO: rcu_sched detected stalls on CPUs/tasks:
[  419.896296] 	1-...!: (4 ticks this GP) idle=946/140000000000001/0 softirq=639/639 fqs=2 
[  419.925739] 	 (t=101693 jiffies g=0 c=-1 q=115)
[  419.925817] 	1-...!: (4 ticks this GP) idle=946/140000000000001/0 softirq=639/639 fqs=2 
[  419.931866] rcu_sched kthread starved for 101687 jiffies! g0 c18446744073709551615 f0x0 RCU_GP_WAIT_FQS(3) ->state=0x402 ->cpu=0
[  419.948399] 	(detected by 0, t=101693 jiffies, g=0, c=-1, q=115)
[  419.975624] rcu_sched       I    0     9      2 0x80000000
[  419.989824] Sending NMI from CPU 0 to CPUs 1:
[  420.004394] Call Trace:
[  420.015866] NMI backtrace for cpu 1
[  420.015869] CPU: 1 PID: 250 Comm: modprobe Not tainted 4.15.0-194-generic #205-Ubuntu
[  420.015871] Hardware name: innotek GmbH VirtualBox/VirtualBox, BIOS VirtualBox 12/01/2006
[  420.015872] RIP: 0010:io_serial_in+0x18/0x20
[  420.015873] RSP: 0018:ffff9fbdffd03ad0 EFLAGS: 00010002
[  420.015876] RAX: ffffffffbd61f260 RBX: ffffffffbeb14e60 RCX: 0000000000000000
[  420.015878] RDX: 00000000000003fd RSI: 0000000000000005 RDI: ffffffffbeb14e60
[  420.015879] RBP: ffff9fbdffd03ad0 R08: 0000000000000000 R09: 0000000000000007
[  420.015881] R10: 0000000000000000 R11: ffffffffbe96880d R12: 0000000000002710
[  420.015882] R13: 0000000000000020 R14: ffffffffbe968801 R15: ffffffffbeb14e60
[  420.015884] FS:  00007f371fb91540(0000) GS:ffff9fbdffd00000(0000) knlGS:0000000000000000
[  420.015885] CS:  0010 DS: 0000 ES: 0000 CR0: 0000000080050033
[  420.015886] CR2: 00007f371fb86709 CR3: 0000000039b8e001 CR4: 00000000000206e0
[  420.015887] Call Trace:
[  420.015888]  <IRQ>
[  420.015890]  wait_for_xmitr+0x47/0xb0
[  420.015891]  serial8250_console_putchar+0x1c/0x40
[  420.015893]  ? wait_for_xmitr+0xb0/0xb0
[  420.015894]  uart_console_write+0x4c/0x60
[  420.015895]  serial8250_console_write+0x10a/0x280
[  420.015896]  ? msg_print_text+0x80/0x100
[  420.015898]  univ8250_console_write+0x21/0x30
[  420.015899]  console_unlock+0x3cf/0x560
[  420.015901]  vprintk_emit+0x134/0x2c0
[  420.015902]  vprintk_default+0x29/0x50
[  420.015903]  vprintk_func+0x47/0xc0
[  420.015904]  printk+0x52/0x6e
[  420.015905]  show_trace_log_lvl+0x8c/0x3d0
[  420.015906]  ? vprintk_default+0x29/0x50
[  420.015907]  ? vprintk_func+0x47/0xc0
[  420.015908]  show_stack+0x34/0x50
[  420.015910]  sched_show_task+0xfe/0x130
[  420.015911]  rcu_check_gp_kthread_starvation+0xad/0xc0
[  420.015912]  rcu_check_callbacks+0x6c5/0x8e0
[  420.015913]  ? tick_sched_do_timer+0x50/0x50
[  420.015914]  update_process_times+0x2f/0x60
[  420.015915]  tick_sched_handle+0x26/0x70
[  420.015917]  ? tick_sched_do_timer+0x50/0x50
[  420.015918]  tick_sched_timer+0x39/0x80
[  420.015919]  __hrtimer_run_queues+0xdf/0x230
[  420.015920]  hrtimer_interrupt+0xa0/0x1d0
[  420.015921]  smp_apic_timer_interrupt+0x6f/0x140
[  420.015922]  apic_timer_interrupt+0x90/0xa0
[  420.015923]  </IRQ>
[  420.015925] RIP: 0010:raid6_sse21_gen_syndrome+0xba/0x130 [raid6_pq]
[  420.015926] RSP: 0018:ffffb0acc03bfb60 EFLAGS: 00010287 ORIG_RAX: ffffffffffffff11
[  420.015929] RAX: ffffb0acc03bfbe8 RBX: 0000000000001000 RCX: ffffffffc015f600
[  420.015931] RDX: 0000000000000010 RSI: ffffb0acc03bfc28 RDI: 000000000000000d
[  420.015932] RBP: ffffb0acc03bfb90 R08: ffffb0acc03bfba8 R09: 0000000000000010
[  420.015933] R10: ffffb0acc03bfc20 R11: ffffb0acc03bfc18 R12: ffff9fbdf625a000
[  420.015935] R13: ffff9fbdf625b000 R14: ffffb0acc03bfbb0 R15: 0000000000000080
[  420.015936]  init_module+0x118/0x1000 [raid6_pq]
[  420.015937]  ? 0xffffffffc00c8000
[  420.015938]  do_one_initcall+0x52/0x1a0
[  420.015939]  ? _cond_resched+0x19/0x40
[  420.015941]  ? kmem_cache_alloc_trace+0x167/0x1d0
[  420.015942]  ? do_init_module+0x27/0x1f2
[  420.015943]  do_init_module+0x4f/0x1f2
[  420.015944]  load_module+0x1772/0x2000
[  420.015945]  ? ima_post_read_file+0x96/0xa0
[  420.015946]  SYSC_finit_module+0xfc/0x120
[  420.015948]  ? SYSC_finit_module+0xfc/0x120
[  420.015949]  SyS_finit_module+0xe/0x10
[  420.015950]  do_syscall_64+0x73/0x130
[  420.015951]  entry_SYSCALL_64_after_hwframe+0x41/0xa6
[  420.015952] RIP: 0033:0x7f371f695539
[  420.015953] RSP: 002b:00007fffe076c7d8 EFLAGS: 00000246 ORIG_RAX: 0000000000000139
[  420.015956] RAX: ffffffffffffffda RBX: 00005604fe27d800 RCX: 00007f371f695539
[  420.015957] RDX: 0000000000000000 RSI: 00005604fdfb9cee RDI: 0000000000000004
[  420.015959] RBP: 00005604fdfb9cee R08: 0000000000000000 R09: 00005604fe27cd80
[  420.015961] R10: 0000000000000004 R11: 0000000000000246 R12: 0000000000000000
[  420.015962] R13: 00005604fe27d7b0 R14: 0000000000060000 R15: 00005604fe27cd80
[  420.015962] Code: 48 89 e5 d3 e6 48 63 f6 48 03 77 10 8b 06 5d c3 0f 1f 00 0f 1f 44 00 00 0f b6 8f a1 00 00 00 8b 57 08 55 48 89 e5 d3 e6 01 f2 ec <0f> b6 c0 5d c3 0f 1f 00 0f 1f 44 00 00 0f b6 8f a1 00 00 00 89 
[  420.016006] rcu_sched kthread starved for 101687 jiffies! g0 c18446744073709551615 f0x0 RCU_GP_WAIT_FQS(3) ->state=0x402 ->cpu=0
[  420.024878]  __schedule+0x24e/0x890
[  420.034431] rcu_sched       I    0     9      2 0x80000000
[  420.053605]  schedule+0x2c/0x80
[  420.074456] Call Trace:
[  420.074475]  __schedule+0x24e/0x890
[  420.087221]  schedule_timeout+0x15d/0x370
[  420.100959]  schedule+0x2c/0x80
[  420.120066]  ? __next_timer_interrupt+0xe0/0xe0
[  420.137865]  schedule_timeout+0x15d/0x370
[  420.151358]  rcu_gp_kthread+0x53a/0x980
[  420.159030]  ? __next_timer_interrupt+0xe0/0xe0
[  420.176445]  kthread+0x121/0x140
[  420.191808]  rcu_gp_kthread+0x53a/0x980
[  420.205053]  ? rcu_note_context_switch+0x150/0x150
[  420.222663]  kthread+0x121/0x140
[  420.230902]  ? kthread_create_worker_on_cpu+0x70/0x70
[  420.236204]  ? rcu_note_context_switch+0x150/0x150
[  420.236212]  ? kthread_create_worker_on_cpu+0x70/0x70
[  420.247381]  ret_from_fork+0x1f/0x40
[  420.260427]  ret_from_fork+0x1f/0x40
[  420.270818] NMI backtrace for cpu 1
[  421.139066] CPU: 1 PID: 250 Comm: modprobe Not tainted 4.15.0-194-generic #205-Ubuntu
[  421.158316] Hardware name: innotek GmbH VirtualBox/VirtualBox, BIOS VirtualBox 12/01/2006
[  421.182177] Call Trace:
[  421.190515]  <IRQ>
[  421.194553]  dump_stack+0x6d/0x8b
[  421.204818]  nmi_cpu_backtrace+0x94/0xa0
[  421.215267]  ? lapic_can_unplug_cpu+0xb0/0xb0
[  421.226289]  nmi_trigger_cpumask_backtrace+0xe7/0x130
[  421.241989]  arch_trigger_cpumask_backtrace+0x19/0x20
[  421.256744]  rcu_dump_cpu_stacks+0xa3/0xd5
[  421.269515]  rcu_check_callbacks+0x6cd/0x8e0
[  421.281075]  ? tick_sched_do_timer+0x50/0x50
[  421.287615]  update_process_times+0x2f/0x60
[  421.294431]  tick_sched_handle+0x26/0x70
[  421.299625]  ? tick_sched_do_timer+0x50/0x50
[  421.303984]  tick_sched_timer+0x39/0x80
[  421.307689]  __hrtimer_run_queues+0xdf/0x230
[  421.313278]  hrtimer_interrupt+0xa0/0x1d0
[  421.317070]  smp_apic_timer_interrupt+0x6f/0x140
[  421.322849]  apic_timer_interrupt+0x90/0xa0
[  421.330007]  </IRQ>
[  421.335778] RIP: 0010:raid6_sse21_gen_syndrome+0xba/0x130 [raid6_pq]
[  421.350501] RSP: 0018:ffffb0acc03bfb60 EFLAGS: 00010287 ORIG_RAX: ffffffffffffff11
[  421.367927] RAX: ffffb0acc03bfbe8 RBX: 0000000000001000 RCX: ffffffffc015f600
[  421.384504] RDX: 0000000000000010 RSI: ffffb0acc03bfc28 RDI: 000000000000000d
[  421.402445] RBP: ffffb0acc03bfb90 R08: ffffb0acc03bfba8 R09: 0000000000000010
[  421.419170] R10: ffffb0acc03bfc20 R11: ffffb0acc03bfc18 R12: ffff9fbdf625a000
[  421.439354] R13: ffff9fbdf625b000 R14: ffffb0acc03bfbb0 R15: 0000000000000080
[  421.458866]  init_module+0x118/0x1000 [raid6_pq]
[  421.473368]  ? 0xffffffffc00c8000
[  421.482055]  do_one_initcall+0x52/0x1a0
[  421.492316]  ? _cond_resched+0x19/0x40
[  421.504311]  ? kmem_cache_alloc_trace+0x167/0x1d0
[  421.514973]  ? do_init_module+0x27/0x1f2
[  421.521201]  do_init_module+0x4f/0x1f2
[  421.529247]  load_module+0x1772/0x2000
[  421.535547]  ? ima_post_read_file+0x96/0xa0
[  421.546337]  SYSC_finit_module+0xfc/0x120
[  421.556730]  ? SYSC_finit_module+0xfc/0x120
[  421.564155]  SyS_finit_module+0xe/0x10
[  421.573359]  do_syscall_64+0x73/0x130
[  421.583495]  entry_SYSCALL_64_after_hwframe+0x41/0xa6
[  421.596375] RIP: 0033:0x7f371f695539
[  421.605011] RSP: 002b:00007fffe076c7d8 EFLAGS: 00000246 ORIG_RAX: 0000000000000139
[  421.625574] RAX: ffffffffffffffda RBX: 00005604fe27d800 RCX: 00007f371f695539
[  421.641194] RDX: 0000000000000000 RSI: 00005604fdfb9cee RDI: 0000000000000004
[  421.660661] RBP: 00005604fdfb9cee R08: 0000000000000000 R09: 00005604fe27cd80
[  421.671308] R10: 0000000000000004 R11: 0000000000000246 R12: 0000000000000000
[  421.686260] R13: 00005604fe27d7b0 R14: 0000000000060000 R15: 00005604fe27cd80
[  421.701444] raid6: sse2x1   gen() 39396984 MB/s
[  421.761863] raid6: sse2x1   xor()  2037 MB/s
[  421.825559] raid6: sse2x2   gen()  3655 MB/s
[  421.896813] raid6: sse2x2   xor()  4003 MB/s
[  421.961358] raid6: sse2x4   gen()  6541 MB/s
[  422.025306] raid6: sse2x4   xor()  4376 MB/s
[  422.036531] raid6: using algorithm sse2x1 gen() 39396984 MB/s
[  422.049905] raid6: .... xor() 2037 MB/s, rmw enabled
[  422.062434] raid6: using ssse3x2 recovery algorithm
[  422.074488] xor: measuring software checksum speed
[  422.128677]    prefetch64-sse:  5160.000 MB/sec
[  422.180324]    generic_sse:  7188.000 MB/sec
[  422.192512] xor: using function: generic_sse (7188.000 MB/sec)
[  422.218213] async_tx: api initialized (async)
done.
Begin: Running /scripts/init-premount ... done.
Begin: Mounting root file system ... Begin: Running /scripts/local-top ... done.
Begin: Running /scripts/local-premount ... [  422.456663] Btrfs loaded, crc32c=crc32c-intel
Scanning for Btrfs filesystems
done.
Begin: Will now check root file system ... fsck from util-linux 2.31.1
[/sbin/fsck.ext4 (1) -- /dev/sda1] fsck.ext4 -a -C0 /dev/sda1 
cloudimg-rootfs: clean, 105277/5120000 files, 795433/10485499 blocks
done.
[  422.714680] EXT4-fs (sda1): mounted filesystem with ordered data mode. Opts: (null)
done.
Begin: Running /scripts/local-bottom ... done.
Begin: Running /scripts/init-bottom ... done.
[  423.482202] ip_tables: (C) 2000-2006 Netfilter Core Team
[  423.537800] systemd[1]: systemd 237 running in system mode. (+PAM +AUDIT +SELINUX +IMA +APPARMOR +SMACK +SYSVINIT +UTMP +LIBCRYPTSETUP +GCRYPT +GNUTLS +ACL +XZ +LZ4 +SECCOMP +BLKID +ELFUTILS +KMOD -IDN2 +IDN -PCRE2 default-hierarchy=hybrid)
[  423.595526] systemd[1]: Detected virtualization oracle.
[  423.612693] systemd[1]: Detected architecture x86-64.

Welcome to [1mUbuntu 18.04.6 LTS[0m!

[  423.737310] systemd[1]: Set hostname to <web01>.
[  424.791068] random: systemd: uninitialized urandom read (16 bytes read)
[  424.803278] systemd[1]: Started Forward Password Requests to Wall Directory Watch.
[[0;32m  OK  [0m] Started Forward Password Requests to Wall Directory Watch.
[  424.828862] random: systemd: uninitialized urandom read (16 bytes read)
[  424.841000] systemd[1]: Reached target Swap.
[[0;32m  OK  [0m] Reached target Swap.
[  424.858339] random: systemd: uninitialized urandom read (16 bytes read)
[  424.870102] systemd[1]: Reached target System Time Synchronized.
[[0;32m  OK  [0m] Reached target System Time Synchronized.
[  424.925689] systemd[1]: Created slice User and Session Slice.
[[0;32m  OK  [0m] Created slice User and Session Slice.
[  424.945225] systemd[1]: Set up automount Arbitrary Executable File Formats File System Automount Point.
[[0;32m  OK  [0m] Set up automount Arbitrary Executab…rmats File System Automount Point.
[  424.972624] systemd[1]: Reached target User and Group Name Lookups.
[[0;32m  OK  [0m] Reached target User and Group Name Lookups.
[[0;32m  OK  [0m] Created slice System Slice.
[[0;32m  OK  [0m] Listening on Device-mapper event daemon FIFOs.
[[0;32m  OK  [0m] Listening on Journal Socket.
         Mounting Huge Pages File System...
         Starting Load Kernel Modules...
[[0;32m  OK  [0m] Listening on udev Control Socket.
[[0;32m  OK  [0m] Listening on fsck to fsckd communication Socket.
         Mounting Kernel Debug File System...
[[0;32m  OK  [0m] Listening on LVM2 poll daemon socket.[  425.113449] Loading iSCSI transport class v2.0-870.

         Mounting POSIX Message Queue File System...
         Starting Uncomplicated firewall...
[[0;32m  OK  [0m] Listening on Journal Audit Socket.
[[0;32m  OK  [0m] Listening on LVM2 metadata daemon socket.
         Starting Monitoring of LVM2 mirrors…ng dmeventd or progress polling...
         Starting Remount Root and Kernel File Systems...
[  425.191672] iscsi: registered transport (tcp)
[[0;32m  OK  [0m] Listening on Syslog Socket.
[[0;32m  OK  [0m] Listening on udev Kernel Socket.
         Starting udev Coldplug all Devices...
[[0;32m  OK  [0m] Listening on /dev/initctl Compatibility Named Pipe.
[[0;32m  OK  [0m] Listening on Journal Socket (/dev/log).
[  425.275445] EXT4-fs (sda1): re-mounted. Opts: (null)
         Starting Journal Service...
         Starting Create list of required st…ce nodes for the current kernel...
[[0;32m  OK  [0m] Reached target Slices.
[[0;32m  OK  [0m] Listening on Network Service Netlink Socket.
[[0;32m  OK  [0m] Created slice system-serial\x2dgetty.slice.
         Starting Set the console keyboard layout...
[[0;32m  OK  [0m] Mounted Huge Pages File System.
[[0;32m  OK  [0m] Mounted Kernel Debug File System.
[[0;32m  OK  [0m] Mounted POSIX Message Queue File System.[  425.513419] iscsi: registered transport (iser)

[[0;32m  OK  [0m] Started Uncomplicated firewall.
[[0;32m  OK  [0m] Started Load Kernel Modules.
[[0;32m  OK  [0m] Started Remount Root and Kernel File Systems.
[[0;32m  OK  [0m] Started Create list of required sta…vice nodes for the current kernel.
[[0;32m  OK  [0m] Started Journal Service.
[[0;32m  OK  [0m] Started LVM2 metadata daemon.
[  425.699134] random: systemd-journal: uninitialized urandom read (16 bytes read)
[  425.705917] random: systemd: uninitialized urandom read (16 bytes read)
[  425.730987] random: systemd-journal: uninitialized urandom read (16 bytes read)
         Starting Create Static Device Nodes in /dev...
         Starting Load/Save Random Seed...
         Starting Flush Journal to Persistent Storage...
         Mounting FUSE Control File System...
         Mounting Kernel Configuration File System...
         Starting Apply Kernel Variables...
[[0;32m  OK  [0m] Started udev Coldplug all Devices.
[[0;32m  OK  [0m] Started Load/Save Random Seed.
[[0;32m  OK  [0m] Mounted FUSE Control File System.
[[0;32m  OK  [0m] Mounted Kernel Configuration File System.
[[0;32m  OK  [0m] Started Monitoring of LVM2 mirrors,…sing dmeventd or progress polling.
[[0;32m  OK  [0m] Started Apply Kernel Variables.
[[0;32m  OK  [0m] Started Create Static Device Nodes in /dev.
         Starting udev Kernel Device Manager...
[[0;32m  OK  [0m] Started Set the console keyboard layout.
[[0;32m  OK  [0m] Started udev Kernel Device Manager.
[[0;32m  OK  [0m] Reached target Local File Systems (Pre).
[[0;32m  OK  [0m] Reached target Local File Systems.
         Starting Set console font and keymap...
         Starting AppArmor initialization...
         Starting ebtables ruleset management...
         Starting Tell Plymouth To Write Out Runtime Data...
[[0;32m  OK  [0m] Started Dispatch Password Requests to Console Directory Watch.
[[0;32m  OK  [0m] Reached target Local Encrypted Volumes.
[[0;32m  OK  [0m] Started Set console font and keymap.
[[0;32m  OK  [0m] Started Tell Plymouth To Write Out Runtime Data.
[[0;32m  OK  [0m] Started Flush Journal to Persistent Storage.
         Starting Create Volatile Files and Directories...
[[0;32m  OK  [0m] Started Create Volatile Files and Directories.
[[0;32m  OK  [0m] Started ebtables ruleset management.
         Starting Update UTMP about System Boot/Shutdown...
[[0;32m  OK  [0m] Started Update UTMP about System Boot/Shutdown.
[[0;32m  OK  [0m] Found device /dev/ttyS0.
[[0;32m  OK  [0m] Started AppArmor initialization.
         Starting Load AppArmor profiles managed internally by snapd...
         Starting Initial cloud-init job (pre-networking)...
[[0;32m  OK  [0m] Listening on Load/Save RF Kill Switch Status /dev/rfkill Watch.
         Mounting Arbitrary Executable File Formats File System...
[[0;32m  OK  [0m] Mounted Arbitrary Executable File Formats File System.
[[0;32m  OK  [0m] Started Load AppArmor profiles managed internally by snapd.
[  431.167604] cloud-init[526]: Cloud-init v. 22.3.4-0ubuntu1~18.04.1 running 'init-local' at Thu, 03 Nov 2022 18:11:40 +0000. Up 430.73 seconds.
[[0;32m  OK  [0m] Started Initial cloud-init job (pre-networking).
[[0;32m  OK  [0m] Reached target Network (Pre).
         Starting Network Service...
[[0;32m  OK  [0m] Started Network Service.
         Starting Wait for Network to be Configured...
         Starting Network Name Resolution...
[[0;32m  OK  [0m] Started Network Name Resolution.
[[0;32m  OK  [0m] Reached target Network.
[[0;32m  OK  [0m] Reached target Host and Network Name Lookups.
[[0;32m  OK  [0m] Started Wait for Network to be Configured.
         Starting Initial cloud-init job (metadata service crawler)...
[  435.673929] cloud-init[697]: Cloud-init v. 22.3.4-0ubuntu1~18.04.1 running 'init' at Thu, 03 Nov 2022 18:11:44 +0000. Up 435.21 seconds.
[  435.686083] cloud-init[697]: ci-info: ++++++++++++++++++++++++++++++++++++++Net device info+++++++++++++++++++++++++++++++++++++++
[  435.698591] cloud-init[697]: ci-info: +--------+------+-----------------------------+---------------+--------+-------------------+
[  435.711046] cloud-init[697]: ci-info: | Device |  Up  |           Address           |      Mask     | Scope  |     Hw-Address    |
[  435.725815] cloud-init[697]: ci-info: +--------+------+-----------------------------+---------------+--------+-------------------+
[  435.738795] cloud-init[697]: ci-info: | enp0s3 | True |          10.0.2.15          | 255.255.255.0 | global | 02:dd:70:87:b9:65 |
[  435.749122] cloud-init[697]: ci-info: | enp0s3 | True |  fe80::dd:70ff:fe87:b965/64 |       .       |  link  | 02:dd:70:87:b9:65 |
[  435.769086] cloud-init[697]: ci-info: | enp0s8 | True |        192.168.56.11        | 255.255.255.0 | global | 08:00:27:c5:e3:57 |
[  435.791078] cloud-init[697]: ci-info: | enp0s8 | True | fe80::a00:27ff:fec5:e357/64 |       .       |  link  | 08:00:27:c5:e3:57 |
[  435.811607] cloud-init[697]: ci-info: |   lo   | True |          127.0.0.1          |   255.0.0.0   |  host  |         .         |
[  435.834785] cloud-init[697]: ci-info: |   lo   | True |           ::1/128           |       .       |  host  |         .         |
[  435.849923] cloud-init[697]: ci-info: +--------+------+-----------------------------+---------------+--------+-------------------+
[  435.869530] cloud-init[697]: ci-info: +++++++++++++++++++++++++++++Route IPv4 info+++++++++++++++++++++++++++++
[  435.889384] cloud-init[697]: ci-info: +-------+--------------+----------+-----------------+-----------+-------+
[  435.910106] cloud-init[697]: ci-info: | Route | Destination  | Gateway  |     Genmask     | Interface | Flags |
[  435.928306] cloud-init[697]: ci-info: +-------+--------------+----------+-----------------+-----------+-------+
[  435.948240] cloud-init[697]: ci-info: |   0   |   0.0.0.0    | 10.0.2.2 |     0.0.0.0     |   enp0s3  |   UG  |
[  435.970126] cloud-init[697]: ci-info: |   1   |   10.0.2.0   | 0.0.0.0  |  255.255.255.0  |   enp0s3  |   U   |
[  435.984907] cloud-init[697]: ci-info: |   2   |   10.0.2.2   | 0.0.0.0  | 255.255.255.255 |   enp0s3  |   UH  |
[  435.995777] cloud-init[697]: ci-info: |   3   | 192.168.56.0 | 0.0.0.0  |  255.255.255.0  |   enp0s8  |   U   |
[  436.009453] cloud-init[697]: ci-info: +-------+--------------+----------+-----------------+-----------+-------+
[  436.016099] cloud-init[697]: ci-info: +++++++++++++++++++Route IPv6 info+++++++++++++++++++
[  436.024998] cloud-init[697]: ci-info: +-------+-------------+---------+-----------+-------+
[  436.044080] cloud-init[697]: ci-info: | Route | Destination | Gateway | Interface | Flags |
[  436.059777] cloud-init[697]: ci-info: +-------+-------------+---------+-----------+-------+
[  436.082828] cloud-init[697]: ci-info: |   1   |  fe80::/64  |    ::   |   enp0s8  |   U   |
[  436.097541] cloud-init[697]: ci-info: |   2   |  fe80::/64  |    ::   |   enp0s3  |   U   |
[  436.112182] cloud-init[697]: ci-info: |   4   |    local    |    ::   |   enp0s3  |   U   |
[  436.138000] cloud-init[697]: ci-info: |   5   |    local    |    ::   |   enp0s8  |   U   |
[  436.158123] cloud-init[697]: ci-info: |   6   |   ff00::/8  |    ::   |   enp0s8  |   U   |
[  436.166740] cloud-init[697]: ci-info: |   7   |   ff00::/8  |    ::   |   enp0s3  |   U   |
[  436.177413] cloud-init[697]: ci-info: +-------+-------------+---------+-----------+-------+
[[0;32m  OK  [0m] Started Initial cloud-init job (metadata service crawler).
[[0;32m  OK  [0m] Reached target Cloud-config availability.
[[0;32m  OK  [0m] Reached target System Initialization.
[[0;32m  OK  [0m] Listening on D-Bus System Message Bus Socket.
[[0;32m  OK  [0m] Started Discard unused blocks once a week.
[[0;32m  OK  [0m] Listening on ACPID Listen Socket.
[[0;32m  OK  [0m] Started Message of the Day.
[[0;32m  OK  [0m] Started Daily Cleanup of Temporary Directories.
         Starting LXD - unix socket.
[[0;32m  OK  [0m] Started Ubuntu Advantage Timer for running repeated jobs.
[[0;32m  OK  [0m] Started ACPI Events Check.
[[0;32m  OK  [0m] Reached target Paths.
[[0;32m  OK  [0m] Listening on UUID daemon activation socket.
[[0;32m  OK  [0m] Listening on cloud-init hotplug hook socket.
[[0;32m  OK  [0m] Started Daily apt download activities.
[[0;32m  OK  [0m] Started Daily apt upgrade and clean activities.
[[0;32m  OK  [0m] Listening on Open-iSCSI iscsid Socket.
[[0;32m  OK  [0m] Reached target Timers.
         Starting Socket activation for snappy daemon.
[[0;32m  OK  [0m] Reached target Network is Online.
[[0;32m  OK  [0m] Reached target Remote File Systems (Pre).
         Starting Availability of block devices...
         Mounting /vagrant...
[[0;32m  OK  [0m] Listening on LXD - unix socket.
[[0;32m  OK  [0m] Listening on Socket activation for snappy daemon.
[[0;32m  OK  [0m] Reached target Sockets.
[[0;32m  OK  [0m] Reached target Basic System.
[[0;32m  OK  [0m] Started FUSE filesystem for LXC.
         Starting System Logging Service...
         Starting LSB: Record successful boot for GRUB...
         Starting Message of the Day...
[[0;32m  OK  [0m] Started Deferred execution scheduler.
[[0;32m  OK  [0m] Started Regular background program processing daemon.
         Starting Dispatcher daemon for systemd-networkd...
[[0;32m  OK  [0m] Started irqbalance daemon.
         Starting A high performance web server and a reverse proxy server...
         Starting OpenBSD Secure Shell server...
         Starting Snap Daemon...
[[0;32m  OK  [0m] Reached target Login Prompts (Pre).
         Starting Login Service...
         Starting Accounts Service...
         Starting vboxadd.service...
[[0;32m  OK  [0m] Started D-Bus System Message Bus.
[[0;32m  OK  [0m] Started Login Service.
[[0;32m  OK  [0m] Started Unattended Upgrades Shutdown.
         Starting LXD - container startup/shutdown...
[[0;32m  OK  [0m] Started System Logging Service.
[[0;32m  OK  [0m] Started Availability of block devices.
[[0;1;31mFAILED[0m] Failed to mount /vagrant.
See 'systemctl status vagrant.mount' for details.
[[0;1;33mDEPEND[0m] Dependency failed for Remote File Systems.
         Starting Permit User Sessions...
         Starting LSB: automatic crash report generation...
[[0;32m  OK  [0m] Started OpenBSD Secure Shell server.
[[0;32m  OK  [0m] Started Permit User Sessions.
         Starting Terminate Plymouth Boot Screen...
         Starting Hold until boot process finishes up...
[[0;32m  OK  [0m] Started Hold until boot process finishes up.
[[0;32m  OK  [0m] Started Serial Getty on ttyS0.
         Starting Set console scheme...
[[0;32m  OK  [0m] Started Terminate Plymouth Boot Screen.
[[0;32m  OK  [0m] Started A high performance web server and a reverse proxy server.
[[0;32m  OK  [0m] Started Set console scheme.
[[0;32m  OK  [0m] Created slice system-getty.slice.
[[0;32m  OK  [0m] Started Getty on tty1.
[[0;32m  OK  [0m] Reached target Login Prompts.
         Starting Authorization Manager...
[[0;32m  OK  [0m] Started LSB: Record successful boot for GRUB.
[[0;32m  OK  [0m] Started Dispatcher daemon for systemd-networkd.
[[0;32m  OK  [0m] Started LSB: automatic crash report generation.
[[0;32m  OK  [0m] Started Authorization Manager.
[[0;32m  OK  [0m] Started Accounts Service.
[[0;32m  OK  [0m] Created slice User Slice of vagrant.
         Starting User Manager for UID 1000...
[[0;32m  OK  [0m] Started Session 1 of user vagrant.
[[0;32m  OK  [0m] Started LXD - container startup/shutdown.
[[0;32m  OK  [0m] Started User Manager for UID 1000.
[[0;32m  OK  [0m] Started Message of the Day.
[[0;32m  OK  [0m] Started Snap Daemon.
         Starting Wait until snapd is fully seeded...
         Starting Time & Date Service...
[[0;32m  OK  [0m] Started Time & Date Service.
[[0;32m  OK  [0m] Started Wait until snapd is fully seeded.
         Starting Apply the settings specified in cloud-config...

Ubuntu 18.04.6 LTS web01 ttyS0

web01 login: [  445.648824] cloud-init[1196]: Cloud-init v. 22.3.4-0ubuntu1~18.04.1 running 'modules:config' at Thu, 03 Nov 2022 18:11:54 +0000. Up 444.81 seconds.
[  512.604960] cloud-init[9034]: Cloud-init v. 22.3.4-0ubuntu1~18.04.1 running 'modules:final' at Thu, 03 Nov 2022 18:13:01 +0000. Up 512.23 seconds.
[  512.625989] cloud-init[9034]: Cloud-init v. 22.3.4-0ubuntu1~18.04.1 finished at Thu, 03 Nov 2022 18:13:01 +0000. Datasource DataSourceNoCloud [seed=/dev/sdb][dsmode=net].  Up 512.57 seconds
         Stopping Session 4 of user vagrant.
[[0;32m  OK  [0m] Stopped target Graphical Interface.
         Stopping Accounts Service...
[[0;32m  OK  [0m] Stopped target Host and Network Name Lookups.
         Stopping Authorization Manager...
[[0;32m  OK  [0m] Stopped target Remote File Systems (Pre).
         Stopping Availability of block devices...
         Stopping User Manager for UID 1000...
[[0;32m  OK  [0m] Stopped target Timers.
[[0;32m  OK  [0m] Stopped Ubuntu Advantage Timer for running repeated jobs.
[[0;32m  OK  [0m] Stopped Daily Cleanup of Temporary Directories.
[[0;32m  OK  [0m] Stopped Daily apt upgrade and clean activities.
[[0;32m  OK  [0m] Stopped Message of the Day.
[[0;32m  OK  [0m] Stopped Discard unused blocks once a week.
[[0;32m  OK  [0m] Closed Load/Save RF Kill Switch Status /dev/rfkill Watch.
[[0;32m  OK  [0m] Stopped target Cloud-init target.
[[0;32m  OK  [0m] Stopped Execute cloud user/final scripts.
[[0;32m  OK  [0m] Stopped Apply the settings specified in cloud-config.
[[0;32m  OK  [0m] Stopped target Network is Online.
[[0;32m  OK  [0m] Stopped target Cloud-config availability.
[[0;32m  OK  [0m] Stopped target Multi-User System.
         Stopping vboxadd-service.service...
         Stopping FUSE filesystem for LXC...
         Stopping Dispatcher daemon for systemd-networkd...
         Stopping LXD - container startup/shutdown...
         Stopping Deferred execution scheduler...
[[0;32m  OK  [0m] Stopped Wait until snapd is fully seeded.
         Stopping LSB: Record successful boot for GRUB...
         Stopping D-Bus System Message Bus...
         Stopping LSB: automatic crash report generation...
         Stopping irqbalance daemon...
[[0;32m  OK  [0m] Stopped target Login Prompts.
         Stopping Getty on tty1...
         Stopping Serial Getty on ttyS0...
         Stopping A high performance web server and a reverse proxy server...
         Stopping OpenBSD Secure Shell server...
         Stopping System Logging Service...
         Stopping Regular background program processing daemon...
[[0;32m  OK  [0m] Stopped Daily apt download activities.
[[0;32m  OK  [0m] Stopped target System Time Synchronized.
[[0;32m  OK  [0m] Unmounted /var/lib/lxcfs.
[[0;32m  OK  [0m] Stopped System Logging Service.
[[0;32m  OK  [0m] Stopped Deferred execution scheduler.
[[0;32m  OK  [0m] Stopped Regular background program processing daemon.
[[0;32m  OK  [0m] Stopped Dispatcher daemon for systemd-networkd.
[[0;32m  OK  [0m] Stopped irqbalance daemon.
[[0;32m  OK  [0m] Stopped Accounts Service.
[[0;32m  OK  [0m] Stopped OpenBSD Secure Shell server.
[[0;32m  OK  [0m] Stopped Serial Getty on ttyS0.
[[0;32m  OK  [0m] Stopped Getty on tty1.
[[0;32m  OK  [0m] Stopped Authorization Manager.
[[0;32m  OK  [0m] Stopped User Manager for UID 1000.
[[0;32m  OK  [0m] Stopped Availability of block devices.
[[0;32m  OK  [0m] Stopped vboxadd-service.service.
[[0;32m  OK  [0m] Stopped D-Bus System Message Bus.
[[0;32m  OK  [0m] Stopped A high performance web server and a reverse proxy server.
[[0;32m  OK  [0m] Stopped FUSE filesystem for LXC.
[[0;32m  OK  [0m] Stopped Session 4 of user vagrant.
[[0;32m  OK  [0m] Stopped LXD - container startup/shutdown.
         Stopping vboxadd.service...
[[0;32m  OK  [0m] Removed slice User Slice of vagrant.
         Stopping Login Service...
[[0;32m  OK  [0m] Removed slice system-getty.slice.
         Stopping Permit User Sessions...
[[0;32m  OK  [0m] Stopped target Login Prompts (Pre).
[[0;32m  OK  [0m] Removed slice system-serial\x2dgetty.slice.
[[0;32m  OK  [0m] Stopped LSB: Record successful boot for GRUB.
[[0;32m  OK  [0m] Stopped LSB: automatic crash report generation.
[[0;32m  OK  [0m] Stopped Permit User Sessions.
[[0;32m  OK  [0m] Stopped target Network.
         Stopping Network Name Resolution...
[[0;32m  OK  [0m] Stopped Network Name Resolution.
[[0;32m  OK  [0m] Stopped Login Service.
[[0;32m  OK  [0m] Stopped target User and Group Name Lookups.
[[0;32m  OK  [0m] Stopped vboxadd.service.
[[0;32m  OK  [0m] Stopped target Basic System.
[[0;32m  OK  [0m] Stopped target Slices.
[[0;32m  OK  [0m] Removed slice User and Session Slice.
[[0;32m  OK  [0m] Stopped target Paths.
[[0;32m  OK  [0m] Stopped ACPI Events Check.
[[0;32m  OK  [0m] Stopped target Sockets.
[[0;32m  OK  [0m] Closed LXD - unix socket.
[[0;32m  OK  [0m] Closed Socket activation for snappy daemon.
[[0;32m  OK  [0m] Closed D-Bus System Message Bus Socket.
[[0;32m  OK  [0m] Closed Open-iSCSI iscsid Socket.
[[0;32m  OK  [0m] Closed cloud-init hotplug hook socket.
[[0;32m  OK  [0m] Closed UUID daemon activation socket.
[[0;32m  OK  [0m] Closed Syslog Socket.
[[0;32m  OK  [0m] Closed ACPID Listen Socket.
[[0;32m  OK  [0m] Stopped target System Initialization.
         Stopping Load/Save Random Seed...
[[0;32m  OK  [0m] Stopped target Local Encrypted Volumes.
[[0;32m  OK  [0m] Stopped Dispatch Password Requests to Console Directory Watch.
[[0;32m  OK  [0m] Stopped Forward Password Requests to Wall Directory Watch.
[[0;32m  OK  [0m] Stopped Initial cloud-init job (metadata service crawler).
[[0;32m  OK  [0m] Stopped Wait for Network to be Configured.
         Stopping Network Service...
         Stopping Update UTMP about System Boot/Shutdown...
[[0;32m  OK  [0m] Stopped Load/Save Random Seed.
[[0;32m  OK  [0m] Stopped Update UTMP about System Boot/Shutdown.
[[0;32m  OK  [0m] Stopped Network Service.
[[0;32m  OK  [0m] Stopped Apply Kernel Variables.
[[0;32m  OK  [0m] Stopped Load Kernel Modules.
[[0;32m  OK  [0m] Stopped target Network (Pre).
[[0;32m  OK  [0m] Stopped Initial cloud-init job (pre-networking).
[[0;32m  OK  [0m] Stopped Create Volatile Files and Directories.
[[0;32m  OK  [0m] Stopped target Local File Systems.
         Unmounting /run/user/1000...
[[0;32m  OK  [0m] Unmounted /run/user/1000.
[[0;32m  OK  [0m] Reached target Unmount All Filesystems.
[[0;32m  OK  [0m] Stopped target Swap.
[[0;32m  OK  [0m] Stopped target Local File Systems (Pre).
[[0;32m  OK  [0m] Stopped Create Static Device Nodes in /dev.
[[0;32m  OK  [0m] Stopped Remount Root and Kernel File Systems.
[[0;32m  OK  [0m] Reached target Shutdown.
[[0;32m  OK  [0m] Reached target Final Step.
         Starting Power-Off...
         Stopping Monitoring of LVM2 mirrors…ng dmeventd or progress polling...
[  851.090232] reboot: Power down
